<?xml version="1.0" encoding="UTF-8"?>
<!-- Generated by org.testng.reporters.JUnitXMLReporter -->
<testsuite ignored="0" hostname="DESKTOP-HB86H1M" failures="0" tests="2" name="LinkedIn_SmokeTest" time="123.276" errors="0" timestamp="2023-09-17T19:41:26 IST">
  <testcase classname="com.hrsoft.test.common.LoginLogoutTestSuite" name="ST001_ST002_LoginAndLogout" time="46.884"/>
  <testcase classname="com.hrsoft.test.common.LoginLogoutTestSuite" name="ST003_Validate_Navigating_To_CorrectPages" time="52.862"/>
</testsuite> <!-- LinkedIn_SmokeTest -->
