<?xml version="1.0" encoding="UTF-8"?>
<!-- Generated by org.testng.reporters.JUnitXMLReporter -->
<testsuite ignored="1" hostname="DESKTOP-HB86H1M" failures="0" tests="1" name="Default test" time="57.817" errors="0" timestamp="2024-01-17T16:09:14 IST">
  <testcase classname="com.hrsoft.test.common.LoginLogoutTestSuite" name="ST001_ST002_LoginAndLogout" time="35.325"/>
  <testcase classname="com.hrsoft.test.common.LoginLogoutTestSuite" name="ST003_Validate_Navigating_To_CorrectPages" time="0.0">
    <ignored/>
  </testcase> <!-- ST003_Validate_Navigating_To_CorrectPages -->
</testsuite> <!-- Default test -->
