<?xml version="1.0" encoding="UTF-8"?>
<testng-results ignored="1" total="2" passed="1" failed="0" skipped="0">
  <reporter-output>
  </reporter-output>
  <suite started-at="2024-01-17T16:08:16 IST" name="Default suite" finished-at="2024-01-17T16:09:14 IST" duration-ms="57817">
    <groups>
      <group name="Smoke Test">
        <method signature="LoginLogoutTestSuite.ST001_ST002_LoginAndLogout(com.hrsoft.utils.zerocell.TestDataExcel)[pri:0, instance:com.hrsoft.test.common.LoginLogoutTestSuite@6aeb35e6]" name="ST001_ST002_LoginAndLogout" class="com.hrsoft.test.common.LoginLogoutTestSuite"/>
      </group> <!-- Smoke Test -->
      <group name="Component.LoginPage">
        <method signature="LoginLogoutTestSuite.ST001_ST002_LoginAndLogout(com.hrsoft.utils.zerocell.TestDataExcel)[pri:0, instance:com.hrsoft.test.common.LoginLogoutTestSuite@6aeb35e6]" name="ST001_ST002_LoginAndLogout" class="com.hrsoft.test.common.LoginLogoutTestSuite"/>
      </group> <!-- Component.LoginPage -->
    </groups>
    <test started-at="2024-01-17T16:08:16 IST" name="Default test" finished-at="2024-01-17T16:09:14 IST" duration-ms="57817">
      <class name="com.hrsoft.test.common.LoginLogoutTestSuite">
        <test-method is-config="true" signature="setupFramework()[pri:0, instance:com.hrsoft.test.common.LoginLogoutTestSuite@6aeb35e6]" started-at="2024-01-17T16:08:16 IST" name="setupFramework" finished-at="2024-01-17T16:08:16 IST" duration-ms="63" status="PASS">
          <reporter-output>
          </reporter-output>
        </test-method> <!-- setupFramework -->
        <test-method is-config="true" signature="setup()[pri:0, instance:com.hrsoft.test.common.LoginLogoutTestSuite@6aeb35e6]" started-at="2024-01-17T16:08:19 IST" name="setup" finished-at="2024-01-17T16:08:38 IST" duration-ms="18751" status="PASS">
          <reporter-output>
          </reporter-output>
        </test-method> <!-- setup -->
        <test-method signature="ST001_ST002_LoginAndLogout(com.hrsoft.utils.zerocell.TestDataExcel)[pri:0, instance:com.hrsoft.test.common.LoginLogoutTestSuite@6aeb35e6]" started-at="2024-01-17T16:08:38 IST" name="ST001_ST002_LoginAndLogout" data-provider="SmokeTest" finished-at="2024-01-17T16:09:13 IST" duration-ms="35325" status="PASS">
          <params>
            <param index="0">
              <value>
                <![CDATA[TestDataExcel [testCase=ST001_ST002_LoginAndLogout, applicationURL=https://www.linkedin.com/, userName=mashoodk826@gmail.com, password=Mfkhanlinkedin@7]]]>
              </value>
            </param>
          </params>
          <reporter-output>
          </reporter-output>
        </test-method> <!-- ST001_ST002_LoginAndLogout -->
        <test-method is-config="true" signature="teardown()[pri:0, instance:com.hrsoft.test.common.LoginLogoutTestSuite@6aeb35e6]" started-at="2024-01-17T16:09:13 IST" name="teardown" finished-at="2024-01-17T16:09:14 IST" duration-ms="487" status="PASS">
          <reporter-output>
          </reporter-output>
        </test-method> <!-- teardown -->
      </class> <!-- com.hrsoft.test.common.LoginLogoutTestSuite -->
    </test> <!-- Default test -->
  </suite> <!-- Default suite -->
</testng-results>
